d:\recastnavigation\recastdemo\build\vs2015\obj\win32\debug\recast\recast.pdb
d:\recastnavigation\recastdemo\build\vs2015\obj\win32\debug\recast\recast.idb
d:\recastnavigation\recastdemo\build\vs2015\obj\win32\debug\recast\recast.obj
d:\recastnavigation\recastdemo\build\vs2015\obj\win32\debug\recast\recastalloc.obj
d:\recastnavigation\recastdemo\build\vs2015\obj\win32\debug\recast\recastarea.obj
d:\recastnavigation\recastdemo\build\vs2015\obj\win32\debug\recast\recastassert.obj
d:\recastnavigation\recastdemo\build\vs2015\obj\win32\debug\recast\recastcontour.obj
d:\recastnavigation\recastdemo\build\vs2015\obj\win32\debug\recast\recastfilter.obj
d:\recastnavigation\recastdemo\build\vs2015\obj\win32\debug\recast\recastlayers.obj
d:\recastnavigation\recastdemo\build\vs2015\obj\win32\debug\recast\recastmesh.obj
d:\recastnavigation\recastdemo\build\vs2015\obj\win32\debug\recast\recastmeshdetail.obj
d:\recastnavigation\recastdemo\build\vs2015\obj\win32\debug\recast\recastrasterization.obj
d:\recastnavigation\recastdemo\build\vs2015\obj\win32\debug\recast\recastregion.obj
d:\recastnavigation\recastdemo\build\vs2015\lib\debug\recast.lib
d:\recastnavigation\recastdemo\build\vs2015\obj\win32\debug\recast\recast.tlog\cl.command.1.tlog
d:\recastnavigation\recastdemo\build\vs2015\obj\win32\debug\recast\recast.tlog\cl.read.1.tlog
d:\recastnavigation\recastdemo\build\vs2015\obj\win32\debug\recast\recast.tlog\cl.write.1.tlog
d:\recastnavigation\recastdemo\build\vs2015\obj\win32\debug\recast\recast.tlog\lib-link.read.1.tlog
d:\recastnavigation\recastdemo\build\vs2015\obj\win32\debug\recast\recast.tlog\lib-link.write.1.tlog
d:\recastnavigation\recastdemo\build\vs2015\obj\win32\debug\recast\recast.tlog\lib.command.1.tlog
